Drill Listing
=============
Drill: .01969  Tool: 1  Feed: 95  Speed: 300
X 803543  Y 824803
X 816929  Y 832283
X 830314  Y 824803
X 953543  Y 862204
X 965354  Y 873622
X 1024015  Y 913779
X 965748  Y 909448
X 965748  Y 919685
X 957480  Y 877165
X 949606  Y 904330
X 944881  Y 903543
X 940944  Y 910236
X 913779  Y 911417
X 909448  Y 912992
X 899606  Y 912598
X 892519  Y 908267
X 890551  Y 880314
X 890551  Y 876377
X 889370  Y 912204
X 888976  Y 896062
X 871259  Y 880314
X 867322  Y 877952
X 913779  Y 933464
X 953937  Y 925984

Drill: .035  Tool: 2  Feed: 197  Speed: 550
X 1003937  Y 866141
X 1013937  Y 866141
X 1023937  Y 866141
X 1033937  Y 866141
X 1043937  Y 866141
X 1053937  Y 866141
X 1043937  Y 946141
X 1033937  Y 946141
X 1023937  Y 946141
X 1013937  Y 946141

Drill: .03543  Tool: 3  Feed: 197  Speed: 550
X 799606  Y 846259
X 799606  Y 836417
X 834842  Y 799606
X 844685  Y 799606
X 854527  Y 799606
X 965157  Y 800000
X 975000  Y 800000
X 984842  Y 800000
X 994685  Y 800000
X 1004527  Y 800000
X 1014370  Y 800000
X 1023425  Y 833070
X 1024212  Y 800000
X 1033267  Y 833070
X 1043110  Y 833070
X 1052952  Y 833070
X 799606  Y 865944
X 799606  Y 856102
X 799606  Y 875787
X 799606  Y 901771
X 799606  Y 911614
X 799606  Y 935629
X 799606  Y 945472
X 899803  Y 972047
X 909645  Y 972047
X 919488  Y 972047
X 929330  Y 972047

Drill: .04  Tool: 4  Feed: 139  Speed: 550
X 974251  Y 884251
X 974251  Y 894251
X 984251  Y 894251
X 984251  Y 884251
X 984251  Y 904251
X 981889  Y 958661
X 981889  Y 968897
X 974251  Y 904251
X 971889  Y 958661
X 971889  Y 968897
X 961889  Y 958661
X 961889  Y 968897
X 961889  Y 979133
X 971889  Y 979133
X 981889  Y 979133

Drill: .044  Tool: 5  Feed: 139  Speed: 550
X 865511  Y 817637
X 865511  Y 847637
X 875511  Y 847637
X 875511  Y 817637
X 885511  Y 847637
X 885511  Y 817637
X 895511  Y 847637
X 895511  Y 817637
X 905511  Y 847637
X 905511  Y 817637
X 915511  Y 847637
X 915511  Y 817637
X 925511  Y 847637
X 925511  Y 817637
X 935511  Y 847637
X 935511  Y 817637
X 945511  Y 847637
X 945511  Y 817637
X 955511  Y 847637
X 955511  Y 817637

End of Listing
